<?xml version="1.0" encoding="UTF-8"?>
<!-- Generated by org.testng.reporters.JUnitReportReporter -->
<testsuite hostname="LAPTOP-FA02NDS4" failures="0" tests="2" name="DDFpack.test.LoginTest" time="153.387" errors="0" timestamp="2023-01-03T10:29:54 IST" skipped="0">
  <testcase classname="DDFpack.test.LoginTest" name="doLoginTest" time="76.587"/>
  <system-out/>
  <testcase classname="DDFpack.test.LoginTest" name="doLoginTest" time="76.800"/>
  <system-out/>
</testsuite> <!-- DDFpack.test.LoginTest -->
